{"/home/md-moniruzzaman/Documents/Personal/Works/task/backend/src/app.ts": {"path":"/home/md-moniruzzaman/Documents/Personal/Works/task/backend/src/app.ts","statementMap":{"0":{"start":{"line":2,"column":0},"end":{"line":2,"column":30}},"1":{"start":{"line":3,"column":0},"end":{"line":3,"column":57}},"2":{"start":{"line":4,"column":0},"end":{"line":4,"column":33}},"3":{"start":{"line":5,"column":0},"end":{"line":5,"column":54}},"4":{"start":{"line":7,"column":12},"end":{"line":7,"column":21}},"5":{"start":{"line":8,"column":0},"end":{"line":8,"column":19}},"6":{"start":{"line":10,"column":0},"end":{"line":10,"column":52}},"7":{"start":{"line":10,"column":28},"end":{"line":10,"column":50}},"8":{"start":{"line":11,"column":0},"end":{"line":11,"column":30}},"9":{"start":{"line":13,"column":0},"end":{"line":13,"column":22}},"10":{"start":{"line":15,"column":0},"end":{"line":15,"column":19}}},"fnMap":{"0":{"name":"(anonymous_1)","decl":{"start":{"line":10,"column":13},"end":{"line":10,"column":14}},"loc":{"start":{"line":10,"column":28},"end":{"line":10,"column":50}}}},"branchMap":{},"s":{"0":2,"1":2,"2":2,"3":2,"4":2,"5":2,"6":2,"7":0,"8":2,"9":2,"10":2},"f":{"0":0},"b":{}}
,"/home/md-moniruzzaman/Documents/Personal/Works/task/backend/src/config/env.ts": {"path":"/home/md-moniruzzaman/Documents/Personal/Works/task/backend/src/config/env.ts","statementMap":{"0":{"start":{"line":2,"column":0},"end":{"line":2,"column":28}},"1":{"start":{"line":3,"column":0},"end":{"line":3,"column":24}},"2":{"start":{"line":4,"column":0},"end":{"line":4,"column":58}},"3":{"start":{"line":6,"column":23},"end":{"line":18,"column":2}},"4":{"start":{"line":20,"column":22},"end":{"line":20,"column":75}},"5":{"start":{"line":20,"column":53},"end":{"line":20,"column":74}},"6":{"start":{"line":22,"column":0},"end":{"line":24,"column":1}},"7":{"start":{"line":23,"column":2},"end":{"line":23,"column":99}},"8":{"start":{"line":26,"column":13},"end":{"line":38,"column":2}}},"fnMap":{"0":{"name":"(anonymous_1)","decl":{"start":{"line":20,"column":44},"end":{"line":20,"column":45}},"loc":{"start":{"line":20,"column":53},"end":{"line":20,"column":74}}}},"branchMap":{"0":{"loc":{"start":{"line":22,"column":0},"end":{"line":24,"column":1}},"type":"if","locations":[{"start":{"line":22,"column":0},"end":{"line":24,"column":1}}]}},"s":{"0":2,"1":2,"2":2,"3":2,"4":2,"5":22,"6":2,"7":0,"8":2},"f":{"0":22},"b":{"0":[0]}}
,"/home/md-moniruzzaman/Documents/Personal/Works/task/backend/src/database/connection.ts": {"path":"/home/md-moniruzzaman/Documents/Personal/Works/task/backend/src/database/connection.ts","statementMap":{"0":{"start":{"line":2,"column":0},"end":{"line":2,"column":46}},"1":{"start":{"line":4,"column":13},"end":{"line":6,"column":3}},"2":{"start":{"line":8,"column":25},"end":{"line":16,"column":1}},"3":{"start":{"line":9,"column":2},"end":{"line":15,"column":3}},"4":{"start":{"line":10,"column":4},"end":{"line":10,"column":28}},"5":{"start":{"line":11,"column":4},"end":{"line":11,"column":51}},"6":{"start":{"line":13,"column":4},"end":{"line":13,"column":56}},"7":{"start":{"line":14,"column":4},"end":{"line":14,"column":20}},"8":{"start":{"line":8,"column":13},"end":{"line":8,"column":25}},"9":{"start":{"line":18,"column":28},"end":{"line":25,"column":1}},"10":{"start":{"line":19,"column":2},"end":{"line":24,"column":3}},"11":{"start":{"line":20,"column":4},"end":{"line":20,"column":31}},"12":{"start":{"line":21,"column":4},"end":{"line":21,"column":41}},"13":{"start":{"line":23,"column":4},"end":{"line":23,"column":64}},"14":{"start":{"line":18,"column":13},"end":{"line":18,"column":28}},"15":{"start":{"line":27,"column":0},"end":{"line":27,"column":22}}},"fnMap":{"0":{"name":"(anonymous_0)","decl":{"start":{"line":8,"column":25},"end":{"line":8,"column":30}},"loc":{"start":{"line":8,"column":51},"end":{"line":16,"column":1}}},"1":{"name":"(anonymous_1)","decl":{"start":{"line":18,"column":28},"end":{"line":18,"column":33}},"loc":{"start":{"line":18,"column":54},"end":{"line":25,"column":1}}}},"branchMap":{},"s":{"0":3,"1":3,"2":3,"3":0,"4":0,"5":0,"6":0,"7":0,"8":3,"9":3,"10":0,"11":0,"12":0,"13":0,"14":3,"15":3},"f":{"0":0,"1":0},"b":{}}
,"/home/md-moniruzzaman/Documents/Personal/Works/task/backend/src/middleware/errorHandler.ts": {"path":"/home/md-moniruzzaman/Documents/Personal/Works/task/backend/src/middleware/errorHandler.ts","statementMap":{"0":{"start":{"line":3,"column":0},"end":{"line":3,"column":36}},"1":{"start":{"line":5,"column":28},"end":{"line":12,"column":1}},"2":{"start":{"line":6,"column":2},"end":{"line":6,"column":21}},"3":{"start":{"line":7,"column":17},"end":{"line":7,"column":35}},"4":{"start":{"line":8,"column":2},"end":{"line":11,"column":5}},"5":{"start":{"line":5,"column":13},"end":{"line":5,"column":28}}},"fnMap":{"0":{"name":"(anonymous_0)","decl":{"start":{"line":5,"column":28},"end":{"line":5,"column":29}},"loc":{"start":{"line":5,"column":92},"end":{"line":12,"column":1}}}},"branchMap":{"0":{"loc":{"start":{"line":7,"column":17},"end":{"line":7,"column":35}},"type":"binary-expr","locations":[{"start":{"line":7,"column":17},"end":{"line":7,"column":28}},{"start":{"line":7,"column":32},"end":{"line":7,"column":35}}]},"1":{"loc":{"start":{"line":9,"column":13},"end":{"line":9,"column":52}},"type":"binary-expr","locations":[{"start":{"line":9,"column":13},"end":{"line":9,"column":25}},{"start":{"line":9,"column":29},"end":{"line":9,"column":52}}]},"2":{"loc":{"start":{"line":10,"column":8},"end":{"line":10,"column":66}},"type":"cond-expr","locations":[{"start":{"line":10,"column":41},"end":{"line":10,"column":61}},{"start":{"line":10,"column":64},"end":{"line":10,"column":66}}]}},"s":{"0":2,"1":2,"2":5,"3":5,"4":5,"5":2},"f":{"0":5},"b":{"0":[5,5],"1":[5,0],"2":[0,5]}}
,"/home/md-moniruzzaman/Documents/Personal/Works/task/backend/src/middleware/security.ts": {"path":"/home/md-moniruzzaman/Documents/Personal/Works/task/backend/src/middleware/security.ts","statementMap":{"0":{"start":{"line":2,"column":0},"end":{"line":2,"column":28}},"1":{"start":{"line":3,"column":0},"end":{"line":3,"column":24}},"2":{"start":{"line":4,"column":0},"end":{"line":4,"column":30}},"3":{"start":{"line":5,"column":0},"end":{"line":5,"column":43}},"4":{"start":{"line":6,"column":0},"end":{"line":6,"column":22}},"5":{"start":{"line":7,"column":0},"end":{"line":7,"column":43}},"6":{"start":{"line":8,"column":0},"end":{"line":8,"column":36}},"7":{"start":{"line":10,"column":29},"end":{"line":22,"column":1}},"8":{"start":{"line":11,"column":2},"end":{"line":11,"column":20}},"9":{"start":{"line":12,"column":2},"end":{"line":12,"column":52}},"10":{"start":{"line":13,"column":2},"end":{"line":13,"column":43}},"11":{"start":{"line":14,"column":2},"end":{"line":14,"column":17}},"12":{"start":{"line":16,"column":18},"end":{"line":20,"column":4}},"13":{"start":{"line":21,"column":2},"end":{"line":21,"column":19}},"14":{"start":{"line":10,"column":13},"end":{"line":10,"column":29}},"15":{"start":{"line":24,"column":35},"end":{"line":26,"column":1}},"16":{"start":{"line":25,"column":2},"end":{"line":25,"column":100}},"17":{"start":{"line":24,"column":13},"end":{"line":24,"column":35}},"18":{"start":{"line":28,"column":36},"end":{"line":32,"column":1}},"19":{"start":{"line":29,"column":2},"end":{"line":31,"column":5}},"20":{"start":{"line":28,"column":13},"end":{"line":28,"column":36}},"21":{"start":{"line":34,"column":33},"end":{"line":40,"column":1}},"22":{"start":{"line":35,"column":18},"end":{"line":35,"column":61}},"23":{"start":{"line":36,"column":2},"end":{"line":38,"column":3}},"24":{"start":{"line":37,"column":4},"end":{"line":37,"column":45}},"25":{"start":{"line":39,"column":2},"end":{"line":39,"column":35}},"26":{"start":{"line":34,"column":13},"end":{"line":34,"column":33}},"27":{"start":{"line":42,"column":34},"end":{"line":48,"column":1}},"28":{"start":{"line":43,"column":18},"end":{"line":43,"column":65}},"29":{"start":{"line":44,"column":2},"end":{"line":46,"column":3}},"30":{"start":{"line":45,"column":4},"end":{"line":45,"column":45}},"31":{"start":{"line":47,"column":2},"end":{"line":47,"column":35}},"32":{"start":{"line":42,"column":13},"end":{"line":42,"column":34}}},"fnMap":{"0":{"name":"(anonymous_1)","decl":{"start":{"line":10,"column":29},"end":{"line":10,"column":30}},"loc":{"start":{"line":10,"column":58},"end":{"line":22,"column":1}}},"1":{"name":"(anonymous_2)","decl":{"start":{"line":24,"column":35},"end":{"line":24,"column":36}},"loc":{"start":{"line":24,"column":73},"end":{"line":26,"column":1}}},"2":{"name":"(anonymous_3)","decl":{"start":{"line":28,"column":36},"end":{"line":28,"column":37}},"loc":{"start":{"line":28,"column":74},"end":{"line":32,"column":1}}},"3":{"name":"(anonymous_4)","decl":{"start":{"line":34,"column":33},"end":{"line":34,"column":34}},"loc":{"start":{"line":34,"column":67},"end":{"line":40,"column":1}}},"4":{"name":"(anonymous_5)","decl":{"start":{"line":42,"column":34},"end":{"line":42,"column":35}},"loc":{"start":{"line":42,"column":52},"end":{"line":48,"column":1}}}},"branchMap":{"0":{"loc":{"start":{"line":36,"column":2},"end":{"line":38,"column":3}},"type":"if","locations":[{"start":{"line":36,"column":2},"end":{"line":38,"column":3}}]},"1":{"loc":{"start":{"line":44,"column":2},"end":{"line":46,"column":3}},"type":"if","locations":[{"start":{"line":44,"column":2},"end":{"line":46,"column":3}}]}},"s":{"0":2,"1":2,"2":2,"3":2,"4":2,"5":2,"6":2,"7":2,"8":2,"9":2,"10":2,"11":2,"12":2,"13":2,"14":2,"15":2,"16":11,"17":2,"18":2,"19":11,"20":2,"21":2,"22":3,"23":3,"24":0,"25":3,"26":2,"27":2,"28":2,"29":1,"30":0,"31":1,"32":2},"f":{"0":2,"1":11,"2":11,"3":3,"4":2},"b":{"0":[0],"1":[0]}}
,"/home/md-moniruzzaman/Documents/Personal/Works/task/backend/src/middleware/validateRequest.ts": {"path":"/home/md-moniruzzaman/Documents/Personal/Works/task/backend/src/middleware/validateRequest.ts","statementMap":{"0":{"start":{"line":5,"column":0},"end":{"line":16,"column":2}},"1":{"start":{"line":5,"column":43},"end":{"line":16,"column":1}},"2":{"start":{"line":6,"column":2},"end":{"line":15,"column":3}},"3":{"start":{"line":7,"column":4},"end":{"line":7,"column":27}},"4":{"start":{"line":8,"column":4},"end":{"line":8,"column":11}},"5":{"start":{"line":10,"column":19},"end":{"line":13,"column":37}},"6":{"start":{"line":10,"column":48},"end":{"line":13,"column":6}},"7":{"start":{"line":14,"column":4},"end":{"line":14,"column":45}}},"fnMap":{"0":{"name":"(anonymous_0)","decl":{"start":{"line":5,"column":15},"end":{"line":5,"column":16}},"loc":{"start":{"line":5,"column":43},"end":{"line":16,"column":1}}},"1":{"name":"(anonymous_1)","decl":{"start":{"line":5,"column":43},"end":{"line":5,"column":44}},"loc":{"start":{"line":5,"column":95},"end":{"line":16,"column":1}}},"2":{"name":"(anonymous_2)","decl":{"start":{"line":10,"column":35},"end":{"line":10,"column":36}},"loc":{"start":{"line":10,"column":48},"end":{"line":13,"column":6}}}},"branchMap":{"0":{"loc":{"start":{"line":10,"column":19},"end":{"line":13,"column":37}},"type":"binary-expr","locations":[{"start":{"line":10,"column":19},"end":{"line":13,"column":7}},{"start":{"line":13,"column":11},"end":{"line":13,"column":37}}]}},"s":{"0":2,"1":10,"2":18,"3":18,"4":17,"5":1,"6":0,"7":1},"f":{"0":10,"1":18,"2":0},"b":{"0":[1,1]}}
,"/home/md-moniruzzaman/Documents/Personal/Works/task/backend/src/middleware/validateUser.ts": {"path":"/home/md-moniruzzaman/Documents/Personal/Works/task/backend/src/middleware/validateUser.ts","statementMap":{"0":{"start":{"line":2,"column":0},"end":{"line":2,"column":47}},"1":{"start":{"line":3,"column":0},"end":{"line":3,"column":56}},"2":{"start":{"line":6,"column":30},"end":{"line":17,"column":1}},"3":{"start":{"line":7,"column":2},"end":{"line":16,"column":3}},"4":{"start":{"line":8,"column":18},"end":{"line":8,"column":58}},"5":{"start":{"line":9,"column":4},"end":{"line":9,"column":78}},"6":{"start":{"line":9,"column":16},"end":{"line":9,"column":78}},"7":{"start":{"line":11,"column":17},"end":{"line":11,"column":49}},"8":{"start":{"line":12,"column":4},"end":{"line":12,"column":20}},"9":{"start":{"line":13,"column":4},"end":{"line":13,"column":11}},"10":{"start":{"line":15,"column":4},"end":{"line":15,"column":69}},"11":{"start":{"line":6,"column":13},"end":{"line":6,"column":30}},"12":{"start":{"line":19,"column":35},"end":{"line":27,"column":1}},"13":{"start":{"line":20,"column":2},"end":{"line":26,"column":3}},"14":{"start":{"line":21,"column":19},"end":{"line":21,"column":43}},"15":{"start":{"line":22,"column":17},"end":{"line":22,"column":53}},"16":{"start":{"line":23,"column":4},"end":{"line":23,"column":16}},"17":{"start":{"line":25,"column":4},"end":{"line":25,"column":37}},"18":{"start":{"line":19,"column":13},"end":{"line":19,"column":35}}},"fnMap":{"0":{"name":"(anonymous_9)","decl":{"start":{"line":6,"column":30},"end":{"line":6,"column":35}},"loc":{"start":{"line":6,"column":88},"end":{"line":17,"column":1}}},"1":{"name":"(anonymous_10)","decl":{"start":{"line":19,"column":35},"end":{"line":19,"column":40}},"loc":{"start":{"line":19,"column":59},"end":{"line":27,"column":1}}}},"branchMap":{"0":{"loc":{"start":{"line":9,"column":4},"end":{"line":9,"column":78}},"type":"if","locations":[{"start":{"line":9,"column":4},"end":{"line":9,"column":78}}]},"1":{"loc":{"start":{"line":15,"column":36},"end":{"line":15,"column":65}},"type":"binary-expr","locations":[{"start":{"line":15,"column":36},"end":{"line":15,"column":47}},{"start":{"line":15,"column":51},"end":{"line":15,"column":65}}]}},"s":{"0":2,"1":2,"2":2,"3":5,"4":5,"5":5,"6":2,"7":3,"8":3,"9":3,"10":0,"11":2,"12":2,"13":3,"14":3,"15":3,"16":3,"17":0,"18":2},"f":{"0":5,"1":3},"b":{"0":[2],"1":[0,0]}}
,"/home/md-moniruzzaman/Documents/Personal/Works/task/backend/src/modules/client/client.controller.ts": {"path":"/home/md-moniruzzaman/Documents/Personal/Works/task/backend/src/modules/client/client.controller.ts","statementMap":{"0":{"start":{"line":3,"column":0},"end":{"line":3,"column":44}},"1":{"start":{"line":5,"column":0},"end":{"line":5,"column":64}},"2":{"start":{"line":7,"column":28},"end":{"line":15,"column":1}},"3":{"start":{"line":8,"column":2},"end":{"line":14,"column":3}},"4":{"start":{"line":9,"column":37},"end":{"line":9,"column":45}},"5":{"start":{"line":10,"column":19},"end":{"line":10,"column":61}},"6":{"start":{"line":11,"column":4},"end":{"line":11,"column":77}},"7":{"start":{"line":13,"column":4},"end":{"line":13,"column":14}},"8":{"start":{"line":7,"column":13},"end":{"line":7,"column":28}},"9":{"start":{"line":17,"column":26},"end":{"line":28,"column":1}},"10":{"start":{"line":18,"column":2},"end":{"line":27,"column":3}},"11":{"start":{"line":19,"column":17},"end":{"line":19,"column":44}},"12":{"start":{"line":20,"column":18},"end":{"line":20,"column":47}},"13":{"start":{"line":21,"column":23},"end":{"line":21,"column":71}},"14":{"start":{"line":23,"column":19},"end":{"line":23,"column":75}},"15":{"start":{"line":24,"column":4},"end":{"line":24,"column":78}},"16":{"start":{"line":26,"column":4},"end":{"line":26,"column":14}},"17":{"start":{"line":17,"column":13},"end":{"line":17,"column":26}},"18":{"start":{"line":30,"column":25},"end":{"line":38,"column":1}},"19":{"start":{"line":31,"column":2},"end":{"line":37,"column":3}},"20":{"start":{"line":32,"column":15},"end":{"line":32,"column":28}},"21":{"start":{"line":33,"column":19},"end":{"line":33,"column":53}},"22":{"start":{"line":34,"column":4},"end":{"line":34,"column":77}},"23":{"start":{"line":36,"column":4},"end":{"line":36,"column":14}},"24":{"start":{"line":30,"column":13},"end":{"line":30,"column":25}},"25":{"start":{"line":40,"column":28},"end":{"line":48,"column":1}},"26":{"start":{"line":41,"column":2},"end":{"line":47,"column":3}},"27":{"start":{"line":42,"column":15},"end":{"line":42,"column":28}},"28":{"start":{"line":43,"column":20},"end":{"line":43,"column":67}},"29":{"start":{"line":44,"column":4},"end":{"line":44,"column":78}},"30":{"start":{"line":46,"column":4},"end":{"line":46,"column":14}},"31":{"start":{"line":40,"column":13},"end":{"line":40,"column":28}},"32":{"start":{"line":50,"column":28},"end":{"line":58,"column":1}},"33":{"start":{"line":51,"column":2},"end":{"line":57,"column":3}},"34":{"start":{"line":52,"column":15},"end":{"line":52,"column":28}},"35":{"start":{"line":53,"column":4},"end":{"line":53,"column":42}},"36":{"start":{"line":54,"column":4},"end":{"line":54,"column":69}},"37":{"start":{"line":56,"column":4},"end":{"line":56,"column":14}},"38":{"start":{"line":50,"column":13},"end":{"line":50,"column":28}}},"fnMap":{"0":{"name":"(anonymous_9)","decl":{"start":{"line":7,"column":28},"end":{"line":7,"column":33}},"loc":{"start":{"line":7,"column":86},"end":{"line":15,"column":1}}},"1":{"name":"(anonymous_10)","decl":{"start":{"line":17,"column":26},"end":{"line":17,"column":31}},"loc":{"start":{"line":17,"column":84},"end":{"line":28,"column":1}}},"2":{"name":"(anonymous_11)","decl":{"start":{"line":30,"column":25},"end":{"line":30,"column":30}},"loc":{"start":{"line":30,"column":83},"end":{"line":38,"column":1}}},"3":{"name":"(anonymous_12)","decl":{"start":{"line":40,"column":28},"end":{"line":40,"column":33}},"loc":{"start":{"line":40,"column":86},"end":{"line":48,"column":1}}},"4":{"name":"(anonymous_13)","decl":{"start":{"line":50,"column":28},"end":{"line":50,"column":33}},"loc":{"start":{"line":50,"column":86},"end":{"line":58,"column":1}}}},"branchMap":{"0":{"loc":{"start":{"line":19,"column":17},"end":{"line":19,"column":44}},"type":"binary-expr","locations":[{"start":{"line":19,"column":17},"end":{"line":19,"column":39}},{"start":{"line":19,"column":43},"end":{"line":19,"column":44}}]},"1":{"loc":{"start":{"line":20,"column":18},"end":{"line":20,"column":47}},"type":"binary-expr","locations":[{"start":{"line":20,"column":18},"end":{"line":20,"column":41}},{"start":{"line":20,"column":45},"end":{"line":20,"column":47}}]},"2":{"loc":{"start":{"line":21,"column":23},"end":{"line":21,"column":71}},"type":"binary-expr","locations":[{"start":{"line":21,"column":23},"end":{"line":21,"column":61}},{"start":{"line":21,"column":65},"end":{"line":21,"column":71}}]}},"s":{"0":2,"1":2,"2":2,"3":0,"4":0,"5":0,"6":0,"7":0,"8":2,"9":2,"10":0,"11":0,"12":0,"13":0,"14":0,"15":0,"16":0,"17":2,"18":2,"19":0,"20":0,"21":0,"22":0,"23":0,"24":2,"25":2,"26":0,"27":0,"28":0,"29":0,"30":0,"31":2,"32":2,"33":0,"34":0,"35":0,"36":0,"37":0,"38":2},"f":{"0":0,"1":0,"2":0,"3":0,"4":0},"b":{"0":[0,0],"1":[0,0],"2":[0,0]}}
,"/home/md-moniruzzaman/Documents/Personal/Works/task/backend/src/modules/client/client.repository.ts": {"path":"/home/md-moniruzzaman/Documents/Personal/Works/task/backend/src/modules/client/client.repository.ts","statementMap":{"0":{"start":{"line":2,"column":0},"end":{"line":2,"column":47}},"1":{"start":{"line":5,"column":28},"end":{"line":19,"column":1}},"2":{"start":{"line":6,"column":2},"end":{"line":18,"column":5}},"3":{"start":{"line":5,"column":13},"end":{"line":5,"column":28}},"4":{"start":{"line":21,"column":30},"end":{"line":32,"column":1}},"5":{"start":{"line":22,"column":27},"end":{"line":29,"column":4}},"6":{"start":{"line":31,"column":2},"end":{"line":31,"column":28}},"7":{"start":{"line":21,"column":13},"end":{"line":21,"column":30}},"8":{"start":{"line":34,"column":30},"end":{"line":36,"column":1}},"9":{"start":{"line":35,"column":2},"end":{"line":35,"column":53}},"10":{"start":{"line":34,"column":13},"end":{"line":34,"column":30}},"11":{"start":{"line":38,"column":32},"end":{"line":42,"column":1}},"12":{"start":{"line":39,"column":23},"end":{"line":39,"column":34}},"13":{"start":{"line":40,"column":2},"end":{"line":40,"column":55}},"14":{"start":{"line":40,"column":19},"end":{"line":40,"column":55}},"15":{"start":{"line":41,"column":2},"end":{"line":41,"column":64}},"16":{"start":{"line":38,"column":13},"end":{"line":38,"column":32}},"17":{"start":{"line":44,"column":32},"end":{"line":46,"column":1}},"18":{"start":{"line":45,"column":2},"end":{"line":45,"column":49}},"19":{"start":{"line":44,"column":13},"end":{"line":44,"column":32}}},"fnMap":{"0":{"name":"(anonymous_1)","decl":{"start":{"line":5,"column":28},"end":{"line":5,"column":33}},"loc":{"start":{"line":5,"column":60},"end":{"line":19,"column":1}}},"1":{"name":"(anonymous_2)","decl":{"start":{"line":21,"column":30},"end":{"line":21,"column":35}},"loc":{"start":{"line":21,"column":96},"end":{"line":32,"column":1}}},"2":{"name":"(anonymous_3)","decl":{"start":{"line":34,"column":30},"end":{"line":34,"column":35}},"loc":{"start":{"line":34,"column":51},"end":{"line":36,"column":1}}},"3":{"name":"(anonymous_4)","decl":{"start":{"line":38,"column":32},"end":{"line":38,"column":37}},"loc":{"start":{"line":38,"column":76},"end":{"line":42,"column":1}}},"4":{"name":"(anonymous_5)","decl":{"start":{"line":44,"column":32},"end":{"line":44,"column":37}},"loc":{"start":{"line":44,"column":53},"end":{"line":46,"column":1}}}},"branchMap":{"0":{"loc":{"start":{"line":16,"column":16},"end":{"line":16,"column":37}},"type":"binary-expr","locations":[{"start":{"line":16,"column":16},"end":{"line":16,"column":29}},{"start":{"line":16,"column":33},"end":{"line":16,"column":37}}]},"1":{"loc":{"start":{"line":21,"column":37},"end":{"line":21,"column":45}},"type":"default-arg","locations":[{"start":{"line":21,"column":44},"end":{"line":21,"column":45}}]},"2":{"loc":{"start":{"line":21,"column":47},"end":{"line":21,"column":56}},"type":"default-arg","locations":[{"start":{"line":21,"column":54},"end":{"line":21,"column":56}}]},"3":{"loc":{"start":{"line":21,"column":58},"end":{"line":21,"column":92}},"type":"default-arg","locations":[{"start":{"line":21,"column":86},"end":{"line":21,"column":92}}]},"4":{"loc":{"start":{"line":40,"column":2},"end":{"line":40,"column":55}},"type":"if","locations":[{"start":{"line":40,"column":2},"end":{"line":40,"column":55}}]}},"s":{"0":3,"1":3,"2":0,"3":3,"4":3,"5":0,"6":0,"7":3,"8":3,"9":0,"10":3,"11":3,"12":0,"13":0,"14":0,"15":0,"16":3,"17":3,"18":0,"19":3},"f":{"0":0,"1":0,"2":0,"3":0,"4":0},"b":{"0":[0,0],"1":[0],"2":[0],"3":[0],"4":[0]}}
,"/home/md-moniruzzaman/Documents/Personal/Works/task/backend/src/modules/client/client.routes.ts": {"path":"/home/md-moniruzzaman/Documents/Personal/Works/task/backend/src/modules/client/client.routes.ts","statementMap":{"0":{"start":{"line":2,"column":0},"end":{"line":2,"column":33}},"1":{"start":{"line":3,"column":0},"end":{"line":3,"column":50}},"2":{"start":{"line":4,"column":0},"end":{"line":4,"column":63}},"3":{"start":{"line":5,"column":0},"end":{"line":5,"column":76}},"4":{"start":{"line":8,"column":15},"end":{"line":8,"column":23}},"5":{"start":{"line":12,"column":0},"end":{"line":12,"column":39}},"6":{"start":{"line":13,"column":0},"end":{"line":13,"column":41}},"7":{"start":{"line":14,"column":0},"end":{"line":14,"column":79}},"8":{"start":{"line":15,"column":0},"end":{"line":15,"column":81}},"9":{"start":{"line":16,"column":0},"end":{"line":16,"column":47}},"10":{"start":{"line":18,"column":0},"end":{"line":18,"column":22}}},"fnMap":{},"branchMap":{},"s":{"0":2,"1":2,"2":2,"3":2,"4":2,"5":2,"6":2,"7":2,"8":2,"9":2,"10":2},"f":{},"b":{}}
,"/home/md-moniruzzaman/Documents/Personal/Works/task/backend/src/modules/client/client.service.ts": {"path":"/home/md-moniruzzaman/Documents/Personal/Works/task/backend/src/modules/client/client.service.ts","statementMap":{"0":{"start":{"line":2,"column":0},"end":{"line":2,"column":44}},"1":{"start":{"line":5,"column":35},"end":{"line":8,"column":1}},"2":{"start":{"line":6,"column":18},"end":{"line":6,"column":50}},"3":{"start":{"line":7,"column":2},"end":{"line":7,"column":17}},"4":{"start":{"line":5,"column":13},"end":{"line":5,"column":35}},"5":{"start":{"line":10,"column":34},"end":{"line":28,"column":1}},"6":{"start":{"line":15,"column":15},"end":{"line":15,"column":33}},"7":{"start":{"line":16,"column":29},"end":{"line":16,"column":78}},"8":{"start":{"line":17,"column":21},"end":{"line":17,"column":45}},"9":{"start":{"line":18,"column":2},"end":{"line":27,"column":4}},"10":{"start":{"line":10,"column":13},"end":{"line":10,"column":34}},"11":{"start":{"line":30,"column":32},"end":{"line":34,"column":1}},"12":{"start":{"line":31,"column":17},"end":{"line":31,"column":46}},"13":{"start":{"line":32,"column":2},"end":{"line":32,"column":51}},"14":{"start":{"line":32,"column":15},"end":{"line":32,"column":51}},"15":{"start":{"line":33,"column":2},"end":{"line":33,"column":16}},"16":{"start":{"line":30,"column":13},"end":{"line":30,"column":32}},"17":{"start":{"line":36,"column":35},"end":{"line":39,"column":1}},"18":{"start":{"line":37,"column":18},"end":{"line":37,"column":58}},"19":{"start":{"line":38,"column":2},"end":{"line":38,"column":17}},"20":{"start":{"line":36,"column":13},"end":{"line":36,"column":35}},"21":{"start":{"line":41,"column":35},"end":{"line":44,"column":1}},"22":{"start":{"line":42,"column":2},"end":{"line":42,"column":34}},"23":{"start":{"line":43,"column":2},"end":{"line":43,"column":9}},"24":{"start":{"line":41,"column":13},"end":{"line":41,"column":35}}},"fnMap":{"0":{"name":"(anonymous_9)","decl":{"start":{"line":5,"column":35},"end":{"line":5,"column":40}},"loc":{"start":{"line":5,"column":70},"end":{"line":8,"column":1}}},"1":{"name":"(anonymous_10)","decl":{"start":{"line":10,"column":34},"end":{"line":10,"column":39}},"loc":{"start":{"line":14,"column":4},"end":{"line":28,"column":1}}},"2":{"name":"(anonymous_11)","decl":{"start":{"line":30,"column":32},"end":{"line":30,"column":37}},"loc":{"start":{"line":30,"column":53},"end":{"line":34,"column":1}}},"3":{"name":"(anonymous_12)","decl":{"start":{"line":36,"column":35},"end":{"line":36,"column":40}},"loc":{"start":{"line":36,"column":82},"end":{"line":39,"column":1}}},"4":{"name":"(anonymous_13)","decl":{"start":{"line":41,"column":35},"end":{"line":41,"column":40}},"loc":{"start":{"line":41,"column":56},"end":{"line":44,"column":1}}}},"branchMap":{"0":{"loc":{"start":{"line":11,"column":2},"end":{"line":11,"column":10}},"type":"default-arg","locations":[{"start":{"line":11,"column":9},"end":{"line":11,"column":10}}]},"1":{"loc":{"start":{"line":12,"column":2},"end":{"line":12,"column":12}},"type":"default-arg","locations":[{"start":{"line":12,"column":10},"end":{"line":12,"column":12}}]},"2":{"loc":{"start":{"line":13,"column":2},"end":{"line":13,"column":36}},"type":"default-arg","locations":[{"start":{"line":13,"column":30},"end":{"line":13,"column":36}}]},"3":{"loc":{"start":{"line":32,"column":2},"end":{"line":32,"column":51}},"type":"if","locations":[{"start":{"line":32,"column":2},"end":{"line":32,"column":51}}]}},"s":{"0":3,"1":3,"2":1,"3":1,"4":3,"5":3,"6":1,"7":1,"8":1,"9":1,"10":3,"11":3,"12":2,"13":2,"14":1,"15":1,"16":3,"17":3,"18":1,"19":1,"20":3,"21":3,"22":1,"23":1,"24":3},"f":{"0":1,"1":1,"2":2,"3":1,"4":1},"b":{"0":[0],"1":[0],"2":[0],"3":[1]}}
,"/home/md-moniruzzaman/Documents/Personal/Works/task/backend/src/modules/client/client.validator.ts": {"path":"/home/md-moniruzzaman/Documents/Personal/Works/task/backend/src/modules/client/client.validator.ts","statementMap":{"0":{"start":{"line":2,"column":0},"end":{"line":2,"column":24}},"1":{"start":{"line":4,"column":13},"end":{"line":14,"column":3}},"2":{"start":{"line":8,"column":34},"end":{"line":8,"column":64}},"3":{"start":{"line":16,"column":13},"end":{"line":16,"column":63}}},"fnMap":{"0":{"name":"(anonymous_0)","decl":{"start":{"line":8,"column":25},"end":{"line":8,"column":26}},"loc":{"start":{"line":8,"column":34},"end":{"line":8,"column":64}}}},"branchMap":{},"s":{"0":2,"1":2,"2":0,"3":2},"f":{"0":0},"b":{}}
,"/home/md-moniruzzaman/Documents/Personal/Works/task/backend/src/modules/user/user.controller.ts": {"path":"/home/md-moniruzzaman/Documents/Personal/Works/task/backend/src/modules/user/user.controller.ts","statementMap":{"0":{"start":{"line":3,"column":0},"end":{"line":3,"column":42}},"1":{"start":{"line":4,"column":0},"end":{"line":4,"column":64}},"2":{"start":{"line":6,"column":34},"end":{"line":13,"column":1}},"3":{"start":{"line":7,"column":2},"end":{"line":12,"column":3}},"4":{"start":{"line":8,"column":19},"end":{"line":8,"column":58}},"5":{"start":{"line":9,"column":4},"end":{"line":9,"column":78}},"6":{"start":{"line":11,"column":4},"end":{"line":11,"column":14}},"7":{"start":{"line":6,"column":13},"end":{"line":6,"column":34}},"8":{"start":{"line":15,"column":31},"end":{"line":22,"column":1}},"9":{"start":{"line":16,"column":2},"end":{"line":21,"column":3}},"10":{"start":{"line":17,"column":19},"end":{"line":17,"column":55}},"11":{"start":{"line":18,"column":4},"end":{"line":18,"column":77}},"12":{"start":{"line":20,"column":4},"end":{"line":20,"column":14}},"13":{"start":{"line":15,"column":13},"end":{"line":15,"column":31}},"14":{"start":{"line":24,"column":33},"end":{"line":31,"column":1}},"15":{"start":{"line":25,"column":2},"end":{"line":30,"column":3}},"16":{"start":{"line":26,"column":19},"end":{"line":26,"column":62}},"17":{"start":{"line":27,"column":4},"end":{"line":27,"column":78}},"18":{"start":{"line":29,"column":4},"end":{"line":29,"column":14}},"19":{"start":{"line":24,"column":13},"end":{"line":24,"column":33}},"20":{"start":{"line":33,"column":32},"end":{"line":42,"column":1}},"21":{"start":{"line":34,"column":2},"end":{"line":41,"column":3}},"22":{"start":{"line":35,"column":19},"end":{"line":35,"column":31}},"23":{"start":{"line":37,"column":4},"end":{"line":37,"column":40}},"24":{"start":{"line":38,"column":4},"end":{"line":38,"column":70}},"25":{"start":{"line":40,"column":4},"end":{"line":40,"column":14}},"26":{"start":{"line":33,"column":13},"end":{"line":33,"column":32}},"27":{"start":{"line":44,"column":31},"end":{"line":55,"column":1}},"28":{"start":{"line":45,"column":2},"end":{"line":54,"column":3}},"29":{"start":{"line":46,"column":19},"end":{"line":46,"column":31}},"30":{"start":{"line":47,"column":4},"end":{"line":49,"column":5}},"31":{"start":{"line":48,"column":6},"end":{"line":48,"column":63}},"32":{"start":{"line":50,"column":17},"end":{"line":50,"column":57}},"33":{"start":{"line":51,"column":4},"end":{"line":51,"column":73}},"34":{"start":{"line":53,"column":4},"end":{"line":53,"column":14}},"35":{"start":{"line":44,"column":13},"end":{"line":44,"column":31}},"36":{"start":{"line":57,"column":29},"end":{"line":68,"column":1}},"37":{"start":{"line":58,"column":2},"end":{"line":67,"column":3}},"38":{"start":{"line":59,"column":17},"end":{"line":59,"column":44}},"39":{"start":{"line":60,"column":18},"end":{"line":60,"column":47}},"40":{"start":{"line":61,"column":23},"end":{"line":61,"column":71}},"41":{"start":{"line":63,"column":19},"end":{"line":63,"column":75}},"42":{"start":{"line":64,"column":4},"end":{"line":64,"column":76}},"43":{"start":{"line":66,"column":4},"end":{"line":66,"column":14}},"44":{"start":{"line":57,"column":13},"end":{"line":57,"column":29}},"45":{"start":{"line":70,"column":33},"end":{"line":78,"column":1}},"46":{"start":{"line":71,"column":2},"end":{"line":77,"column":3}},"47":{"start":{"line":72,"column":19},"end":{"line":72,"column":32}},"48":{"start":{"line":73,"column":17},"end":{"line":73,"column":57}},"49":{"start":{"line":74,"column":4},"end":{"line":74,"column":73}},"50":{"start":{"line":76,"column":4},"end":{"line":76,"column":14}},"51":{"start":{"line":70,"column":13},"end":{"line":70,"column":33}},"52":{"start":{"line":80,"column":32},"end":{"line":88,"column":1}},"53":{"start":{"line":81,"column":2},"end":{"line":87,"column":3}},"54":{"start":{"line":82,"column":19},"end":{"line":82,"column":32}},"55":{"start":{"line":83,"column":20},"end":{"line":83,"column":69}},"56":{"start":{"line":84,"column":4},"end":{"line":84,"column":76}},"57":{"start":{"line":86,"column":4},"end":{"line":86,"column":14}},"58":{"start":{"line":80,"column":13},"end":{"line":80,"column":32}},"59":{"start":{"line":89,"column":32},"end":{"line":97,"column":1}},"60":{"start":{"line":90,"column":2},"end":{"line":96,"column":3}},"61":{"start":{"line":91,"column":19},"end":{"line":91,"column":32}},"62":{"start":{"line":92,"column":4},"end":{"line":92,"column":44}},"63":{"start":{"line":93,"column":4},"end":{"line":93,"column":67}},"64":{"start":{"line":95,"column":4},"end":{"line":95,"column":14}},"65":{"start":{"line":89,"column":13},"end":{"line":89,"column":32}}},"fnMap":{"0":{"name":"(anonymous_9)","decl":{"start":{"line":6,"column":34},"end":{"line":6,"column":39}},"loc":{"start":{"line":6,"column":92},"end":{"line":13,"column":1}}},"1":{"name":"(anonymous_10)","decl":{"start":{"line":15,"column":31},"end":{"line":15,"column":36}},"loc":{"start":{"line":15,"column":89},"end":{"line":22,"column":1}}},"2":{"name":"(anonymous_11)","decl":{"start":{"line":24,"column":33},"end":{"line":24,"column":38}},"loc":{"start":{"line":24,"column":91},"end":{"line":31,"column":1}}},"3":{"name":"(anonymous_12)","decl":{"start":{"line":33,"column":32},"end":{"line":33,"column":37}},"loc":{"start":{"line":33,"column":90},"end":{"line":42,"column":1}}},"4":{"name":"(anonymous_13)","decl":{"start":{"line":44,"column":31},"end":{"line":44,"column":36}},"loc":{"start":{"line":44,"column":89},"end":{"line":55,"column":1}}},"5":{"name":"(anonymous_14)","decl":{"start":{"line":57,"column":29},"end":{"line":57,"column":34}},"loc":{"start":{"line":57,"column":87},"end":{"line":68,"column":1}}},"6":{"name":"(anonymous_15)","decl":{"start":{"line":70,"column":33},"end":{"line":70,"column":38}},"loc":{"start":{"line":70,"column":91},"end":{"line":78,"column":1}}},"7":{"name":"(anonymous_16)","decl":{"start":{"line":80,"column":32},"end":{"line":80,"column":37}},"loc":{"start":{"line":80,"column":90},"end":{"line":88,"column":1}}},"8":{"name":"(anonymous_17)","decl":{"start":{"line":89,"column":32},"end":{"line":89,"column":37}},"loc":{"start":{"line":89,"column":90},"end":{"line":97,"column":1}}}},"branchMap":{"0":{"loc":{"start":{"line":47,"column":4},"end":{"line":49,"column":5}},"type":"if","locations":[{"start":{"line":47,"column":4},"end":{"line":49,"column":5}}]},"1":{"loc":{"start":{"line":59,"column":17},"end":{"line":59,"column":44}},"type":"binary-expr","locations":[{"start":{"line":59,"column":17},"end":{"line":59,"column":39}},{"start":{"line":59,"column":43},"end":{"line":59,"column":44}}]},"2":{"loc":{"start":{"line":60,"column":18},"end":{"line":60,"column":47}},"type":"binary-expr","locations":[{"start":{"line":60,"column":18},"end":{"line":60,"column":41}},{"start":{"line":60,"column":45},"end":{"line":60,"column":47}}]},"3":{"loc":{"start":{"line":61,"column":23},"end":{"line":61,"column":71}},"type":"binary-expr","locations":[{"start":{"line":61,"column":23},"end":{"line":61,"column":61}},{"start":{"line":61,"column":65},"end":{"line":61,"column":71}}]}},"s":{"0":2,"1":2,"2":2,"3":3,"4":3,"5":2,"6":1,"7":2,"8":2,"9":13,"10":13,"11":10,"12":3,"13":2,"14":2,"15":2,"16":2,"17":1,"18":1,"19":2,"20":2,"21":1,"22":1,"23":1,"24":1,"25":0,"26":2,"27":2,"28":1,"29":1,"30":1,"31":0,"32":1,"33":1,"34":0,"35":2,"36":2,"37":1,"38":1,"39":1,"40":1,"41":1,"42":1,"43":0,"44":2,"45":2,"46":1,"47":1,"48":1,"49":1,"50":0,"51":2,"52":2,"53":1,"54":1,"55":1,"56":1,"57":0,"58":2,"59":2,"60":0,"61":0,"62":0,"63":0,"64":0,"65":2},"f":{"0":3,"1":13,"2":2,"3":1,"4":1,"5":1,"6":1,"7":1,"8":0},"b":{"0":[0],"1":[1,0],"2":[1,0],"3":[1,1]}}
,"/home/md-moniruzzaman/Documents/Personal/Works/task/backend/src/modules/user/user.repository.ts": {"path":"/home/md-moniruzzaman/Documents/Personal/Works/task/backend/src/modules/user/user.repository.ts","statementMap":{"0":{"start":{"line":2,"column":0},"end":{"line":2,"column":47}},"1":{"start":{"line":5,"column":26},"end":{"line":7,"column":1}},"2":{"start":{"line":6,"column":2},"end":{"line":6,"column":38}},"3":{"start":{"line":5,"column":13},"end":{"line":5,"column":26}},"4":{"start":{"line":9,"column":34},"end":{"line":11,"column":1}},"5":{"start":{"line":10,"column":2},"end":{"line":10,"column":79}},"6":{"start":{"line":9,"column":13},"end":{"line":9,"column":34}},"7":{"start":{"line":13,"column":28},"end":{"line":29,"column":1}},"8":{"start":{"line":22,"column":15},"end":{"line":22,"column":33}},"9":{"start":{"line":24,"column":2},"end":{"line":28,"column":5}},"10":{"start":{"line":13,"column":13},"end":{"line":13,"column":28}},"11":{"start":{"line":31,"column":24},"end":{"line":33,"column":1}},"12":{"start":{"line":32,"column":2},"end":{"line":32,"column":51}},"13":{"start":{"line":31,"column":13},"end":{"line":31,"column":24}},"14":{"start":{"line":35,"column":27},"end":{"line":37,"column":1}},"15":{"start":{"line":36,"column":2},"end":{"line":36,"column":54}},"16":{"start":{"line":35,"column":13},"end":{"line":35,"column":27}},"17":{"start":{"line":39,"column":26},"end":{"line":41,"column":1}},"18":{"start":{"line":40,"column":2},"end":{"line":40,"column":53}},"19":{"start":{"line":39,"column":13},"end":{"line":39,"column":26}},"20":{"start":{"line":43,"column":26},"end":{"line":45,"column":1}},"21":{"start":{"line":44,"column":2},"end":{"line":44,"column":47}},"22":{"start":{"line":43,"column":13},"end":{"line":43,"column":26}}},"fnMap":{"0":{"name":"(anonymous_1)","decl":{"start":{"line":5,"column":26},"end":{"line":5,"column":31}},"loc":{"start":{"line":5,"column":56},"end":{"line":7,"column":1}}},"1":{"name":"(anonymous_2)","decl":{"start":{"line":9,"column":34},"end":{"line":9,"column":39}},"loc":{"start":{"line":9,"column":88},"end":{"line":11,"column":1}}},"2":{"name":"(anonymous_3)","decl":{"start":{"line":13,"column":28},"end":{"line":13,"column":33}},"loc":{"start":{"line":21,"column":5},"end":{"line":29,"column":1}}},"3":{"name":"(anonymous_4)","decl":{"start":{"line":31,"column":24},"end":{"line":31,"column":29}},"loc":{"start":{"line":31,"column":45},"end":{"line":33,"column":1}}},"4":{"name":"(anonymous_5)","decl":{"start":{"line":35,"column":27},"end":{"line":35,"column":32}},"loc":{"start":{"line":35,"column":51},"end":{"line":37,"column":1}}},"5":{"name":"(anonymous_6)","decl":{"start":{"line":39,"column":26},"end":{"line":39,"column":31}},"loc":{"start":{"line":39,"column":68},"end":{"line":41,"column":1}}},"6":{"name":"(anonymous_7)","decl":{"start":{"line":43,"column":26},"end":{"line":43,"column":31}},"loc":{"start":{"line":43,"column":47},"end":{"line":45,"column":1}}}},"branchMap":{},"s":{"0":2,"1":2,"2":2,"3":2,"4":2,"5":12,"6":2,"7":2,"8":1,"9":1,"10":2,"11":2,"12":7,"13":2,"14":2,"15":16,"16":2,"17":2,"18":1,"19":2,"20":2,"21":0,"22":2},"f":{"0":2,"1":12,"2":1,"3":7,"4":16,"5":1,"6":0},"b":{}}
,"/home/md-moniruzzaman/Documents/Personal/Works/task/backend/src/modules/user/user.routes.ts": {"path":"/home/md-moniruzzaman/Documents/Personal/Works/task/backend/src/modules/user/user.routes.ts","statementMap":{"0":{"start":{"line":2,"column":0},"end":{"line":2,"column":33}},"1":{"start":{"line":3,"column":0},"end":{"line":3,"column":48}},"2":{"start":{"line":4,"column":0},"end":{"line":4,"column":63}},"3":{"start":{"line":5,"column":0},"end":{"line":5,"column":63}},"4":{"start":{"line":6,"column":0},"end":{"line":6,"column":87}},"5":{"start":{"line":8,"column":15},"end":{"line":8,"column":23}},"6":{"start":{"line":10,"column":0},"end":{"line":10,"column":91}},"7":{"start":{"line":11,"column":0},"end":{"line":11,"column":84}},"8":{"start":{"line":12,"column":0},"end":{"line":12,"column":54}},"9":{"start":{"line":13,"column":0},"end":{"line":13,"column":68}},"10":{"start":{"line":14,"column":0},"end":{"line":14,"column":62}},"11":{"start":{"line":15,"column":0},"end":{"line":15,"column":42}},"12":{"start":{"line":16,"column":0},"end":{"line":16,"column":49}},"13":{"start":{"line":17,"column":0},"end":{"line":17,"column":99}},"14":{"start":{"line":18,"column":0},"end":{"line":18,"column":67}},"15":{"start":{"line":20,"column":0},"end":{"line":20,"column":22}}},"fnMap":{},"branchMap":{},"s":{"0":2,"1":2,"2":2,"3":2,"4":2,"5":2,"6":2,"7":2,"8":2,"9":2,"10":2,"11":2,"12":2,"13":2,"14":2,"15":2},"f":{},"b":{}}
,"/home/md-moniruzzaman/Documents/Personal/Works/task/backend/src/modules/user/user.service.ts": {"path":"/home/md-moniruzzaman/Documents/Personal/Works/task/backend/src/modules/user/user.service.ts","statementMap":{"0":{"start":{"line":1,"column":0},"end":{"line":1,"column":65}},"1":{"start":{"line":3,"column":0},"end":{"line":3,"column":28}},"2":{"start":{"line":4,"column":0},"end":{"line":4,"column":42}},"3":{"start":{"line":6,"column":0},"end":{"line":6,"column":86}},"4":{"start":{"line":8,"column":28},"end":{"line":12,"column":1}},"5":{"start":{"line":9,"column":2},"end":{"line":9,"column":25}},"6":{"start":{"line":9,"column":13},"end":{"line":9,"column":25}},"7":{"start":{"line":10,"column":36},"end":{"line":10,"column":40}},"8":{"start":{"line":11,"column":2},"end":{"line":11,"column":18}},"9":{"start":{"line":8,"column":13},"end":{"line":8,"column":28}},"10":{"start":{"line":14,"column":31},"end":{"line":22,"column":1}},"11":{"start":{"line":15,"column":23},"end":{"line":15,"column":57}},"12":{"start":{"line":16,"column":2},"end":{"line":16,"column":60}},"13":{"start":{"line":16,"column":20},"end":{"line":16,"column":60}},"14":{"start":{"line":18,"column":25},"end":{"line":18,"column":61}},"15":{"start":{"line":19,"column":15},"end":{"line":19,"column":75}},"16":{"start":{"line":21,"column":2},"end":{"line":21,"column":38}},"17":{"start":{"line":14,"column":13},"end":{"line":14,"column":31}},"18":{"start":{"line":24,"column":28},"end":{"line":40,"column":1}},"19":{"start":{"line":25,"column":15},"end":{"line":25,"column":49}},"20":{"start":{"line":26,"column":2},"end":{"line":26,"column":47}},"21":{"start":{"line":26,"column":13},"end":{"line":26,"column":47}},"22":{"start":{"line":28,"column":16},"end":{"line":28,"column":66}},"23":{"start":{"line":29,"column":2},"end":{"line":29,"column":53}},"24":{"start":{"line":29,"column":14},"end":{"line":29,"column":53}},"25":{"start":{"line":31,"column":22},"end":{"line":31,"column":75}},"26":{"start":{"line":32,"column":23},"end":{"line":32,"column":60}},"27":{"start":{"line":34,"column":18},"end":{"line":34,"column":70}},"28":{"start":{"line":36,"column":2},"end":{"line":39,"column":4}},"29":{"start":{"line":24,"column":13},"end":{"line":24,"column":28}},"30":{"start":{"line":42,"column":35},"end":{"line":60,"column":1}},"31":{"start":{"line":43,"column":17},"end":{"line":43,"column":54}},"32":{"start":{"line":44,"column":2},"end":{"line":44,"column":52}},"33":{"start":{"line":44,"column":11},"end":{"line":44,"column":52}},"34":{"start":{"line":46,"column":15},"end":{"line":46,"column":38}},"35":{"start":{"line":48,"column":2},"end":{"line":48,"column":47}},"36":{"start":{"line":48,"column":13},"end":{"line":48,"column":47}},"37":{"start":{"line":49,"column":2},"end":{"line":49,"column":88}},"38":{"start":{"line":49,"column":47},"end":{"line":49,"column":88}},"39":{"start":{"line":51,"column":22},"end":{"line":51,"column":75}},"40":{"start":{"line":52,"column":23},"end":{"line":52,"column":60}},"41":{"start":{"line":54,"column":2},"end":{"line":54,"column":55}},"42":{"start":{"line":56,"column":2},"end":{"line":59,"column":4}},"43":{"start":{"line":42,"column":13},"end":{"line":42,"column":35}},"44":{"start":{"line":62,"column":29},"end":{"line":68,"column":1}},"45":{"start":{"line":63,"column":15},"end":{"line":63,"column":38}},"46":{"start":{"line":64,"column":2},"end":{"line":64,"column":47}},"47":{"start":{"line":64,"column":13},"end":{"line":64,"column":47}},"48":{"start":{"line":66,"column":2},"end":{"line":66,"column":47}},"49":{"start":{"line":67,"column":2},"end":{"line":67,"column":9}},"50":{"start":{"line":62,"column":13},"end":{"line":62,"column":29}},"51":{"start":{"line":70,"column":34},"end":{"line":77,"column":1}},"52":{"start":{"line":75,"column":16},"end":{"line":75,"column":67}},"53":{"start":{"line":76,"column":2},"end":{"line":76,"column":33}},"54":{"start":{"line":70,"column":13},"end":{"line":70,"column":34}},"55":{"start":{"line":79,"column":34},"end":{"line":83,"column":1}},"56":{"start":{"line":80,"column":15},"end":{"line":80,"column":38}},"57":{"start":{"line":81,"column":2},"end":{"line":81,"column":47}},"58":{"start":{"line":81,"column":13},"end":{"line":81,"column":47}},"59":{"start":{"line":82,"column":2},"end":{"line":82,"column":28}},"60":{"start":{"line":79,"column":13},"end":{"line":79,"column":34}},"61":{"start":{"line":85,"column":33},"end":{"line":89,"column":1}},"62":{"start":{"line":86,"column":2},"end":{"line":86,"column":74}},"63":{"start":{"line":86,"column":21},"end":{"line":86,"column":74}},"64":{"start":{"line":87,"column":18},"end":{"line":87,"column":49}},"65":{"start":{"line":88,"column":2},"end":{"line":88,"column":31}},"66":{"start":{"line":85,"column":13},"end":{"line":85,"column":33}},"67":{"start":{"line":91,"column":33},"end":{"line":94,"column":1}},"68":{"start":{"line":92,"column":2},"end":{"line":92,"column":28}},"69":{"start":{"line":93,"column":2},"end":{"line":93,"column":9}},"70":{"start":{"line":91,"column":13},"end":{"line":91,"column":33}}},"fnMap":{"0":{"name":"(anonymous_10)","decl":{"start":{"line":8,"column":28},"end":{"line":8,"column":29}},"loc":{"start":{"line":8,"column":42},"end":{"line":12,"column":1}}},"1":{"name":"(anonymous_11)","decl":{"start":{"line":14,"column":31},"end":{"line":14,"column":36}},"loc":{"start":{"line":14,"column":61},"end":{"line":22,"column":1}}},"2":{"name":"(anonymous_12)","decl":{"start":{"line":24,"column":28},"end":{"line":24,"column":33}},"loc":{"start":{"line":24,"column":57},"end":{"line":40,"column":1}}},"3":{"name":"(anonymous_13)","decl":{"start":{"line":42,"column":35},"end":{"line":42,"column":40}},"loc":{"start":{"line":42,"column":76},"end":{"line":60,"column":1}}},"4":{"name":"(anonymous_14)","decl":{"start":{"line":62,"column":29},"end":{"line":62,"column":34}},"loc":{"start":{"line":62,"column":50},"end":{"line":68,"column":1}}},"5":{"name":"(anonymous_15)","decl":{"start":{"line":70,"column":34},"end":{"line":70,"column":39}},"loc":{"start":{"line":74,"column":4},"end":{"line":77,"column":1}}},"6":{"name":"(anonymous_16)","decl":{"start":{"line":79,"column":34},"end":{"line":79,"column":39}},"loc":{"start":{"line":79,"column":55},"end":{"line":83,"column":1}}},"7":{"name":"(anonymous_17)","decl":{"start":{"line":85,"column":33},"end":{"line":85,"column":38}},"loc":{"start":{"line":85,"column":75},"end":{"line":89,"column":1}}},"8":{"name":"(anonymous_18)","decl":{"start":{"line":91,"column":33},"end":{"line":91,"column":38}},"loc":{"start":{"line":91,"column":54},"end":{"line":94,"column":1}}}},"branchMap":{"0":{"loc":{"start":{"line":9,"column":2},"end":{"line":9,"column":25}},"type":"if","locations":[{"start":{"line":9,"column":2},"end":{"line":9,"column":25}}]},"1":{"loc":{"start":{"line":16,"column":2},"end":{"line":16,"column":60}},"type":"if","locations":[{"start":{"line":16,"column":2},"end":{"line":16,"column":60}}]},"2":{"loc":{"start":{"line":26,"column":2},"end":{"line":26,"column":47}},"type":"if","locations":[{"start":{"line":26,"column":2},"end":{"line":26,"column":47}}]},"3":{"loc":{"start":{"line":29,"column":2},"end":{"line":29,"column":53}},"type":"if","locations":[{"start":{"line":29,"column":2},"end":{"line":29,"column":53}}]},"4":{"loc":{"start":{"line":44,"column":2},"end":{"line":44,"column":52}},"type":"if","locations":[{"start":{"line":44,"column":2},"end":{"line":44,"column":52}}]},"5":{"loc":{"start":{"line":48,"column":2},"end":{"line":48,"column":47}},"type":"if","locations":[{"start":{"line":48,"column":2},"end":{"line":48,"column":47}}]},"6":{"loc":{"start":{"line":49,"column":2},"end":{"line":49,"column":88}},"type":"if","locations":[{"start":{"line":49,"column":2},"end":{"line":49,"column":88}}]},"7":{"loc":{"start":{"line":64,"column":2},"end":{"line":64,"column":47}},"type":"if","locations":[{"start":{"line":64,"column":2},"end":{"line":64,"column":47}}]},"8":{"loc":{"start":{"line":81,"column":2},"end":{"line":81,"column":47}},"type":"if","locations":[{"start":{"line":81,"column":2},"end":{"line":81,"column":47}}]},"9":{"loc":{"start":{"line":86,"column":2},"end":{"line":86,"column":74}},"type":"if","locations":[{"start":{"line":86,"column":2},"end":{"line":86,"column":74}}]}},"s":{"0":2,"1":2,"2":2,"3":2,"4":2,"5":20,"6":0,"7":20,"8":20,"9":2,"10":2,"11":3,"12":3,"13":1,"14":2,"15":2,"16":2,"17":2,"18":2,"19":13,"20":13,"21":2,"22":11,"23":11,"24":1,"25":10,"26":10,"27":10,"28":10,"29":2,"30":2,"31":2,"32":1,"33":0,"34":1,"35":1,"36":0,"37":1,"38":0,"39":1,"40":1,"41":1,"42":1,"43":2,"44":2,"45":1,"46":1,"47":0,"48":1,"49":1,"50":2,"51":2,"52":1,"53":1,"54":2,"55":2,"56":5,"57":5,"58":0,"59":5,"60":2,"61":2,"62":1,"63":0,"64":1,"65":1,"66":2,"67":2,"68":0,"69":0,"70":2},"f":{"0":20,"1":3,"2":13,"3":2,"4":1,"5":1,"6":5,"7":1,"8":0},"b":{"0":[0],"1":[1],"2":[2],"3":[1],"4":[0],"5":[0],"6":[0],"7":[0],"8":[0],"9":[0]}}
,"/home/md-moniruzzaman/Documents/Personal/Works/task/backend/src/modules/user/user.validator.ts": {"path":"/home/md-moniruzzaman/Documents/Personal/Works/task/backend/src/modules/user/user.validator.ts","statementMap":{"0":{"start":{"line":2,"column":0},"end":{"line":2,"column":24}},"1":{"start":{"line":4,"column":13},"end":{"line":10,"column":3}},"2":{"start":{"line":12,"column":13},"end":{"line":15,"column":3}},"3":{"start":{"line":17,"column":13},"end":{"line":17,"column":59}}},"fnMap":{},"branchMap":{},"s":{"0":2,"1":2,"2":2,"3":2},"f":{},"b":{}}
,"/home/md-moniruzzaman/Documents/Personal/Works/task/backend/src/routes/index.ts": {"path":"/home/md-moniruzzaman/Documents/Personal/Works/task/backend/src/routes/index.ts","statementMap":{"0":{"start":{"line":2,"column":0},"end":{"line":2,"column":33}},"1":{"start":{"line":3,"column":0},"end":{"line":3,"column":59}},"2":{"start":{"line":4,"column":0},"end":{"line":4,"column":53}},"3":{"start":{"line":6,"column":15},"end":{"line":6,"column":23}},"4":{"start":{"line":8,"column":0},"end":{"line":8,"column":37}},"5":{"start":{"line":9,"column":0},"end":{"line":9,"column":33}},"6":{"start":{"line":11,"column":0},"end":{"line":11,"column":22}}},"fnMap":{},"branchMap":{},"s":{"0":2,"1":2,"2":2,"3":2,"4":2,"5":2,"6":2},"f":{},"b":{}}
,"/home/md-moniruzzaman/Documents/Personal/Works/task/backend/src/utils/generateResponse.ts": {"path":"/home/md-moniruzzaman/Documents/Personal/Works/task/backend/src/utils/generateResponse.ts","statementMap":{"0":{"start":{"line":11,"column":32},"end":{"line":27,"column":1}},"1":{"start":{"line":17,"column":18},"end":{"line":17,"column":55}},"2":{"start":{"line":19,"column":35},"end":{"line":24,"column":4}},"3":{"start":{"line":26,"column":2},"end":{"line":26,"column":47}},"4":{"start":{"line":11,"column":13},"end":{"line":11,"column":32}}},"fnMap":{"0":{"name":"(anonymous_0)","decl":{"start":{"line":11,"column":32},"end":{"line":11,"column":null}},"loc":{"start":{"line":16,"column":4},"end":{"line":27,"column":1}}}},"branchMap":{"0":{"loc":{"start":{"line":17,"column":18},"end":{"line":17,"column":55}},"type":"binary-expr","locations":[{"start":{"line":17,"column":18},"end":{"line":17,"column":35}},{"start":{"line":17,"column":39},"end":{"line":17,"column":55}}]},"1":{"loc":{"start":{"line":23,"column":10},"end":{"line":23,"column":22}},"type":"binary-expr","locations":[{"start":{"line":23,"column":10},"end":{"line":23,"column":14}},{"start":{"line":23,"column":18},"end":{"line":23,"column":22}}]}},"s":{"0":2,"1":18,"2":18,"3":18,"4":2},"f":{"0":18},"b":{"0":[18,18],"1":[18,1]}}
}
