TN:
SF:src/app.ts
FN:10,(anonymous_1)
FNF:1
FNH:0
FNDA:0,(anonymous_1)
DA:2,2
DA:3,2
DA:4,2
DA:5,2
DA:7,2
DA:8,2
DA:10,2
DA:11,2
DA:13,2
DA:15,2
LF:10
LH:10
BRF:0
BRH:0
end_of_record
TN:
SF:src/config/env.ts
FN:20,(anonymous_1)
FNF:1
FNH:1
FNDA:22,(anonymous_1)
DA:2,2
DA:3,2
DA:4,2
DA:6,2
DA:20,22
DA:22,2
DA:23,0
DA:26,2
LF:8
LH:7
BRDA:22,0,0,0
BRF:1
BRH:0
end_of_record
TN:
SF:src/database/connection.ts
FN:8,(anonymous_0)
FN:18,(anonymous_1)
FNF:2
FNH:0
FNDA:0,(anonymous_0)
FNDA:0,(anonymous_1)
DA:2,3
DA:4,3
DA:8,3
DA:9,0
DA:10,0
DA:11,0
DA:13,0
DA:14,0
DA:18,3
DA:19,0
DA:20,0
DA:21,0
DA:23,0
DA:27,3
LF:14
LH:5
BRF:0
BRH:0
end_of_record
TN:
SF:src/middleware/errorHandler.ts
FN:5,(anonymous_0)
FNF:1
FNH:1
FNDA:5,(anonymous_0)
DA:3,2
DA:5,2
DA:6,5
DA:7,5
DA:8,5
LF:5
LH:5
BRDA:7,0,0,5
BRDA:7,0,1,5
BRDA:9,1,0,5
BRDA:9,1,1,0
BRDA:10,2,0,0
BRDA:10,2,1,5
BRF:6
BRH:4
end_of_record
TN:
SF:src/middleware/security.ts
FN:10,(anonymous_1)
FN:24,(anonymous_2)
FN:28,(anonymous_3)
FN:34,(anonymous_4)
FN:42,(anonymous_5)
FNF:5
FNH:5
FNDA:2,(anonymous_1)
FNDA:11,(anonymous_2)
FNDA:11,(anonymous_3)
FNDA:3,(anonymous_4)
FNDA:2,(anonymous_5)
DA:2,2
DA:3,2
DA:4,2
DA:5,2
DA:6,2
DA:7,2
DA:8,2
DA:10,2
DA:11,2
DA:12,2
DA:13,2
DA:14,2
DA:16,2
DA:21,2
DA:24,2
DA:25,11
DA:28,2
DA:29,11
DA:34,2
DA:35,3
DA:36,3
DA:37,0
DA:39,3
DA:42,2
DA:43,2
DA:44,1
DA:45,0
DA:47,1
LF:28
LH:26
BRDA:36,0,0,0
BRDA:44,1,0,0
BRF:2
BRH:0
end_of_record
TN:
SF:src/middleware/validateRequest.ts
FN:5,(anonymous_0)
FN:5,(anonymous_1)
FN:10,(anonymous_2)
FNF:3
FNH:2
FNDA:10,(anonymous_0)
FNDA:18,(anonymous_1)
FNDA:0,(anonymous_2)
DA:5,10
DA:6,18
DA:7,18
DA:8,17
DA:10,1
DA:14,1
LF:6
LH:6
BRDA:10,0,0,1
BRDA:10,0,1,1
BRF:2
BRH:2
end_of_record
TN:
SF:src/middleware/validateUser.ts
FN:6,(anonymous_9)
FN:19,(anonymous_10)
FNF:2
FNH:2
FNDA:5,(anonymous_9)
FNDA:3,(anonymous_10)
DA:2,2
DA:3,2
DA:6,2
DA:7,5
DA:8,5
DA:9,5
DA:11,3
DA:12,3
DA:13,3
DA:15,0
DA:19,2
DA:20,3
DA:21,3
DA:22,3
DA:23,3
DA:25,0
LF:16
LH:14
BRDA:9,0,0,2
BRDA:15,1,0,0
BRDA:15,1,1,0
BRF:3
BRH:1
end_of_record
TN:
SF:src/modules/client/client.controller.ts
FN:7,(anonymous_9)
FN:17,(anonymous_10)
FN:30,(anonymous_11)
FN:40,(anonymous_12)
FN:50,(anonymous_13)
FNF:5
FNH:0
FNDA:0,(anonymous_9)
FNDA:0,(anonymous_10)
FNDA:0,(anonymous_11)
FNDA:0,(anonymous_12)
FNDA:0,(anonymous_13)
DA:3,2
DA:5,2
DA:7,2
DA:8,0
DA:9,0
DA:10,0
DA:11,0
DA:13,0
DA:17,2
DA:18,0
DA:19,0
DA:20,0
DA:21,0
DA:23,0
DA:24,0
DA:26,0
DA:30,2
DA:31,0
DA:32,0
DA:33,0
DA:34,0
DA:36,0
DA:40,2
DA:41,0
DA:42,0
DA:43,0
DA:44,0
DA:46,0
DA:50,2
DA:51,0
DA:52,0
DA:53,0
DA:54,0
DA:56,0
LF:34
LH:7
BRDA:19,0,0,0
BRDA:19,0,1,0
BRDA:20,1,0,0
BRDA:20,1,1,0
BRDA:21,2,0,0
BRDA:21,2,1,0
BRF:6
BRH:0
end_of_record
TN:
SF:src/modules/client/client.repository.ts
FN:5,(anonymous_1)
FN:21,(anonymous_2)
FN:34,(anonymous_3)
FN:38,(anonymous_4)
FN:44,(anonymous_5)
FNF:5
FNH:0
FNDA:0,(anonymous_1)
FNDA:0,(anonymous_2)
FNDA:0,(anonymous_3)
FNDA:0,(anonymous_4)
FNDA:0,(anonymous_5)
DA:2,3
DA:5,3
DA:6,0
DA:21,3
DA:22,0
DA:31,0
DA:34,3
DA:35,0
DA:38,3
DA:39,0
DA:40,0
DA:41,0
DA:44,3
DA:45,0
LF:14
LH:6
BRDA:16,0,0,0
BRDA:16,0,1,0
BRDA:21,1,0,0
BRDA:21,2,0,0
BRDA:21,3,0,0
BRDA:40,4,0,0
BRF:6
BRH:0
end_of_record
TN:
SF:src/modules/client/client.routes.ts
FNF:0
FNH:0
DA:2,2
DA:3,2
DA:4,2
DA:5,2
DA:8,2
DA:12,2
DA:13,2
DA:14,2
DA:15,2
DA:16,2
DA:18,2
LF:11
LH:11
BRF:0
BRH:0
end_of_record
TN:
SF:src/modules/client/client.service.ts
FN:5,(anonymous_9)
FN:10,(anonymous_10)
FN:30,(anonymous_11)
FN:36,(anonymous_12)
FN:41,(anonymous_13)
FNF:5
FNH:5
FNDA:1,(anonymous_9)
FNDA:1,(anonymous_10)
FNDA:2,(anonymous_11)
FNDA:1,(anonymous_12)
FNDA:1,(anonymous_13)
DA:2,3
DA:5,3
DA:6,1
DA:7,1
DA:10,3
DA:15,1
DA:16,1
DA:17,1
DA:18,1
DA:30,3
DA:31,2
DA:32,2
DA:33,1
DA:36,3
DA:37,1
DA:38,1
DA:41,3
DA:42,1
DA:43,1
LF:19
LH:19
BRDA:11,0,0,0
BRDA:12,1,0,0
BRDA:13,2,0,0
BRDA:32,3,0,1
BRF:4
BRH:1
end_of_record
TN:
SF:src/modules/client/client.validator.ts
FN:8,(anonymous_0)
FNF:1
FNH:0
FNDA:0,(anonymous_0)
DA:2,2
DA:4,2
DA:8,0
DA:16,2
LF:4
LH:3
BRF:0
BRH:0
end_of_record
TN:
SF:src/modules/user/user.controller.ts
FN:6,(anonymous_9)
FN:15,(anonymous_10)
FN:24,(anonymous_11)
FN:33,(anonymous_12)
FN:44,(anonymous_13)
FN:57,(anonymous_14)
FN:70,(anonymous_15)
FN:80,(anonymous_16)
FN:89,(anonymous_17)
FNF:9
FNH:8
FNDA:3,(anonymous_9)
FNDA:13,(anonymous_10)
FNDA:2,(anonymous_11)
FNDA:1,(anonymous_12)
FNDA:1,(anonymous_13)
FNDA:1,(anonymous_14)
FNDA:1,(anonymous_15)
FNDA:1,(anonymous_16)
FNDA:0,(anonymous_17)
DA:3,2
DA:4,2
DA:6,2
DA:7,3
DA:8,3
DA:9,2
DA:11,1
DA:15,2
DA:16,13
DA:17,13
DA:18,10
DA:20,3
DA:24,2
DA:25,2
DA:26,2
DA:27,1
DA:29,1
DA:33,2
DA:34,1
DA:35,1
DA:37,1
DA:38,1
DA:40,0
DA:44,2
DA:45,1
DA:46,1
DA:47,1
DA:48,0
DA:50,1
DA:51,1
DA:53,0
DA:57,2
DA:58,1
DA:59,1
DA:60,1
DA:61,1
DA:63,1
DA:64,1
DA:66,0
DA:70,2
DA:71,1
DA:72,1
DA:73,1
DA:74,1
DA:76,0
DA:80,2
DA:81,1
DA:82,1
DA:83,1
DA:84,1
DA:86,0
DA:89,2
DA:90,0
DA:91,0
DA:92,0
DA:93,0
DA:95,0
LF:57
LH:46
BRDA:47,0,0,0
BRDA:59,1,0,1
BRDA:59,1,1,0
BRDA:60,2,0,1
BRDA:60,2,1,0
BRDA:61,3,0,1
BRDA:61,3,1,1
BRF:7
BRH:4
end_of_record
TN:
SF:src/modules/user/user.repository.ts
FN:5,(anonymous_1)
FN:9,(anonymous_2)
FN:13,(anonymous_3)
FN:31,(anonymous_4)
FN:35,(anonymous_5)
FN:39,(anonymous_6)
FN:43,(anonymous_7)
FNF:7
FNH:6
FNDA:2,(anonymous_1)
FNDA:12,(anonymous_2)
FNDA:1,(anonymous_3)
FNDA:7,(anonymous_4)
FNDA:16,(anonymous_5)
FNDA:1,(anonymous_6)
FNDA:0,(anonymous_7)
DA:2,2
DA:5,2
DA:6,2
DA:9,2
DA:10,12
DA:13,2
DA:22,1
DA:24,1
DA:31,2
DA:32,7
DA:35,2
DA:36,16
DA:39,2
DA:40,1
DA:43,2
DA:44,0
LF:16
LH:15
BRF:0
BRH:0
end_of_record
TN:
SF:src/modules/user/user.routes.ts
FNF:0
FNH:0
DA:2,2
DA:3,2
DA:4,2
DA:5,2
DA:6,2
DA:8,2
DA:10,2
DA:11,2
DA:12,2
DA:13,2
DA:14,2
DA:15,2
DA:16,2
DA:17,2
DA:18,2
DA:20,2
LF:16
LH:16
BRF:0
BRH:0
end_of_record
TN:
SF:src/modules/user/user.service.ts
FN:8,(anonymous_10)
FN:14,(anonymous_11)
FN:24,(anonymous_12)
FN:42,(anonymous_13)
FN:62,(anonymous_14)
FN:70,(anonymous_15)
FN:79,(anonymous_16)
FN:85,(anonymous_17)
FN:91,(anonymous_18)
FNF:9
FNH:8
FNDA:20,(anonymous_10)
FNDA:3,(anonymous_11)
FNDA:13,(anonymous_12)
FNDA:2,(anonymous_13)
FNDA:1,(anonymous_14)
FNDA:1,(anonymous_15)
FNDA:5,(anonymous_16)
FNDA:1,(anonymous_17)
FNDA:0,(anonymous_18)
DA:1,2
DA:3,2
DA:4,2
DA:6,2
DA:8,2
DA:9,20
DA:10,20
DA:11,20
DA:14,2
DA:15,3
DA:16,3
DA:18,2
DA:19,2
DA:21,2
DA:24,2
DA:25,13
DA:26,13
DA:28,11
DA:29,11
DA:31,10
DA:32,10
DA:34,10
DA:36,10
DA:42,2
DA:43,2
DA:44,1
DA:46,1
DA:48,1
DA:49,1
DA:51,1
DA:52,1
DA:54,1
DA:56,1
DA:62,2
DA:63,1
DA:64,1
DA:66,1
DA:67,1
DA:70,2
DA:75,1
DA:76,1
DA:79,2
DA:80,5
DA:81,5
DA:82,5
DA:85,2
DA:86,1
DA:87,1
DA:88,1
DA:91,2
DA:92,0
DA:93,0
LF:52
LH:50
BRDA:9,0,0,0
BRDA:16,1,0,1
BRDA:26,2,0,2
BRDA:29,3,0,1
BRDA:44,4,0,0
BRDA:48,5,0,0
BRDA:49,6,0,0
BRDA:64,7,0,0
BRDA:81,8,0,0
BRDA:86,9,0,0
BRF:10
BRH:3
end_of_record
TN:
SF:src/modules/user/user.validator.ts
FNF:0
FNH:0
DA:2,2
DA:4,2
DA:12,2
DA:17,2
LF:4
LH:4
BRF:0
BRH:0
end_of_record
TN:
SF:src/routes/index.ts
FNF:0
FNH:0
DA:2,2
DA:3,2
DA:4,2
DA:6,2
DA:8,2
DA:9,2
DA:11,2
LF:7
LH:7
BRF:0
BRH:0
end_of_record
TN:
SF:src/utils/generateResponse.ts
FN:11,(anonymous_0)
FNF:1
FNH:1
FNDA:18,(anonymous_0)
DA:11,2
DA:17,18
DA:19,18
DA:26,18
LF:4
LH:4
BRDA:17,0,0,18
BRDA:17,0,1,18
BRDA:23,1,0,18
BRDA:23,1,1,1
BRF:4
BRH:4
end_of_record
