TN:
SF:src/database/connection.ts
FN:8,(anonymous_0)
FN:18,(anonymous_1)
FNF:2
FNH:0
FNDA:0,(anonymous_0)
FNDA:0,(anonymous_1)
DA:2,4
DA:4,4
DA:8,4
DA:9,0
DA:10,0
DA:11,0
DA:13,0
DA:14,0
DA:18,4
DA:19,0
DA:20,0
DA:21,0
DA:23,0
DA:27,4
LF:14
LH:5
BRF:0
BRH:0
end_of_record
TN:
SF:src/middleware/errorHandler.ts
FN:6,(anonymous_0)
FNF:1
FNH:0
FNDA:0,(anonymous_0)
DA:2,1
DA:3,1
DA:4,1
DA:6,1
DA:12,0
DA:18,0
DA:19,0
DA:21,0
DA:22,0
DA:23,0
DA:24,0
DA:25,0
DA:26,0
DA:28,0
DA:31,0
DA:48,0
LF:16
LH:4
BRDA:15,0,0,0
BRDA:15,0,1,0
BRDA:21,1,0,0
BRDA:21,1,1,0
BRDA:24,2,0,0
BRDA:24,2,1,0
BRDA:28,3,0,0
BRDA:28,3,1,0
BRDA:35,4,0,0
BRDA:35,4,1,0
BRDA:35,5,0,0
BRDA:35,5,1,0
BRDA:41,6,0,0
BRDA:41,6,1,0
BRF:14
BRH:0
end_of_record
TN:
SF:src/middleware/security.ts
FN:10,(anonymous_1)
FN:24,(anonymous_2)
FN:28,(anonymous_3)
FN:34,(anonymous_4)
FN:42,(anonymous_5)
FNF:5
FNH:4
FNDA:1,(anonymous_1)
FNDA:1,(anonymous_2)
FNDA:1,(anonymous_3)
FNDA:5,(anonymous_4)
FNDA:0,(anonymous_5)
DA:2,1
DA:3,1
DA:4,1
DA:5,1
DA:6,1
DA:7,1
DA:8,1
DA:10,1
DA:11,1
DA:12,1
DA:13,1
DA:14,1
DA:16,1
DA:21,1
DA:24,1
DA:25,1
DA:28,1
DA:29,1
DA:34,1
DA:35,5
DA:36,5
DA:37,0
DA:39,5
DA:42,1
DA:43,0
DA:44,0
DA:45,0
DA:47,0
LF:28
LH:23
BRDA:36,0,0,0
BRDA:44,1,0,0
BRF:2
BRH:0
end_of_record
TN:
SF:src/middleware/validateRequest.ts
FN:5,(anonymous_0)
FN:5,(anonymous_1)
FN:10,(anonymous_2)
FNF:3
FNH:2
FNDA:5,(anonymous_0)
FNDA:2,(anonymous_1)
FNDA:0,(anonymous_2)
DA:5,5
DA:6,2
DA:7,2
DA:8,2
DA:10,0
DA:14,0
LF:6
LH:4
BRDA:10,0,0,0
BRDA:10,0,1,0
BRF:2
BRH:0
end_of_record
TN:
SF:src/middleware/validateUser.ts
FN:8,(anonymous_9)
FN:25,(anonymous_10)
FNF:2
FNH:2
FNDA:6,(anonymous_9)
FNDA:5,(anonymous_10)
DA:2,1
DA:3,1
DA:5,1
DA:6,1
DA:8,1
DA:9,6
DA:10,6
DA:12,6
DA:13,1
DA:16,5
DA:17,5
DA:18,5
DA:19,5
DA:21,0
DA:25,1
DA:26,5
DA:27,5
DA:28,5
DA:29,5
DA:30,0
DA:32,5
DA:34,0
LF:22
LH:19
BRDA:12,0,0,1
BRDA:12,1,0,6
BRDA:12,1,1,5
BRDA:21,2,0,0
BRDA:21,2,1,0
BRDA:29,3,0,0
BRF:6
BRH:3
end_of_record
TN:
SF:src/modules/client/client.controller.ts
FN:8,(anonymous_9)
FN:21,(anonymous_10)
FN:37,(anonymous_11)
FN:50,(anonymous_12)
FN:63,(anonymous_13)
FNF:5
FNH:4
FNDA:1,(anonymous_9)
FNDA:2,(anonymous_10)
FNDA:1,(anonymous_11)
FNDA:0,(anonymous_12)
FNDA:1,(anonymous_13)
DA:3,1
DA:5,1
DA:6,1
DA:8,1
DA:9,1
DA:10,1
DA:11,1
DA:12,1
DA:14,0
DA:15,0
DA:17,0
DA:21,1
DA:22,2
DA:23,2
DA:24,2
DA:25,2
DA:27,2
DA:28,2
DA:30,0
DA:31,0
DA:33,0
DA:37,1
DA:38,1
DA:39,1
DA:40,1
DA:41,1
DA:43,0
DA:44,0
DA:46,0
DA:50,1
DA:51,0
DA:52,0
DA:53,0
DA:54,0
DA:56,0
DA:57,0
DA:59,0
DA:63,1
DA:64,1
DA:65,1
DA:66,1
DA:67,1
DA:69,0
DA:70,0
DA:72,0
LF:45
LH:26
BRDA:14,0,0,0
BRDA:15,1,0,0
BRDA:15,1,1,0
BRDA:23,2,0,2
BRDA:23,2,1,1
BRDA:24,3,0,2
BRDA:24,3,1,1
BRDA:25,4,0,2
BRDA:25,4,1,2
BRDA:30,5,0,0
BRDA:31,6,0,0
BRDA:31,6,1,0
BRDA:43,7,0,0
BRDA:44,8,0,0
BRDA:44,8,1,0
BRDA:56,9,0,0
BRDA:57,10,0,0
BRDA:57,10,1,0
BRDA:69,11,0,0
BRDA:70,12,0,0
BRDA:70,12,1,0
BRF:21
BRH:6
end_of_record
TN:
SF:src/modules/client/client.repository.ts
FN:5,(anonymous_1)
FN:9,(anonymous_2)
FN:25,(anonymous_3)
FN:29,(anonymous_4)
FN:33,(anonymous_5)
FN:37,(anonymous_6)
FNF:6
FNH:5
FNDA:1,(anonymous_1)
FNDA:2,(anonymous_2)
FNDA:2,(anonymous_3)
FNDA:1,(anonymous_4)
FNDA:0,(anonymous_5)
FNDA:1,(anonymous_6)
DA:2,4
DA:5,4
DA:6,1
DA:9,4
DA:14,2
DA:22,2
DA:25,4
DA:26,2
DA:29,4
DA:30,1
DA:33,4
DA:34,0
DA:37,4
DA:38,1
LF:14
LH:13
BRF:0
BRH:0
end_of_record
TN:
SF:src/modules/client/client.routes.ts
FNF:0
FNH:0
DA:2,1
DA:3,1
DA:4,1
DA:5,1
DA:6,1
DA:8,1
DA:10,1
DA:12,1
DA:13,1
DA:14,1
DA:15,1
DA:16,1
DA:18,1
LF:13
LH:13
BRF:0
BRH:0
end_of_record
TN:
SF:src/modules/client/client.service.ts
FN:10,(anonymous_9)
FN:36,(anonymous_10)
FN:71,(anonymous_11)
FN:85,(anonymous_12)
FN:112,(anonymous_13)
FNF:5
FNH:5
FNDA:7,(anonymous_9)
FNDA:6,(anonymous_10)
FNDA:7,(anonymous_11)
FNDA:6,(anonymous_12)
FNDA:7,(anonymous_13)
DA:2,4
DA:4,4
DA:5,4
DA:6,4
DA:8,4
DA:10,4
DA:11,7
DA:12,7
DA:13,7
DA:14,2
DA:17,5
DA:18,2
DA:19,2
DA:20,0
DA:24,5
DA:25,4
DA:27,3
DA:28,0
DA:31,3
DA:32,1
DA:36,4
DA:41,6
DA:42,6
DA:44,6
DA:45,1
DA:48,5
DA:49,5
DA:50,5
DA:52,5
DA:63,1
DA:64,0
DA:66,1
DA:67,0
DA:71,4
DA:72,7
DA:73,7
DA:74,7
DA:75,3
DA:77,4
DA:79,3
DA:80,0
DA:81,0
DA:85,4
DA:86,6
DA:87,6
DA:88,6
DA:89,3
DA:92,3
DA:93,0
DA:94,0
DA:95,0
DA:99,3
DA:100,0
DA:103,3
DA:104,3
DA:106,3
DA:107,0
DA:108,0
DA:112,4
DA:113,7
DA:114,7
DA:115,7
DA:116,3
DA:119,4
DA:120,4
DA:122,3
DA:123,0
DA:124,0
LF:68
LH:54
BRDA:13,0,0,2
BRDA:17,1,0,2
BRDA:17,2,0,5
BRDA:17,2,1,5
BRDA:19,3,0,0
BRDA:27,4,0,0
BRDA:31,5,0,2
BRDA:32,6,0,1
BRDA:32,6,1,0
BRDA:37,7,0,0
BRDA:38,8,0,0
BRDA:39,9,0,3
BRDA:42,10,0,0
BRDA:44,11,0,1
BRDA:44,12,0,6
BRDA:44,12,1,6
BRDA:63,13,0,0
BRDA:66,14,0,1
BRDA:67,15,0,0
BRDA:67,15,1,0
BRDA:74,16,0,3
BRDA:80,17,0,0
BRDA:81,18,0,0
BRDA:81,18,1,0
BRDA:88,19,0,3
BRDA:92,20,0,0
BRDA:92,21,0,3
BRDA:92,21,1,0
BRDA:94,22,0,0
BRDA:99,23,0,0
BRDA:99,24,0,3
BRDA:99,24,1,0
BRDA:107,25,0,0
BRDA:108,26,0,0
BRDA:108,26,1,0
BRDA:115,27,0,3
BRDA:123,28,0,0
BRDA:124,29,0,0
BRDA:124,29,1,0
BRF:39
BRH:16
end_of_record
TN:
SF:src/modules/client/client.validator.ts
FN:8,(anonymous_0)
FNF:1
FNH:1
FNDA:1,(anonymous_0)
DA:2,1
DA:4,1
DA:8,1
DA:16,1
LF:4
LH:4
BRF:0
BRH:0
end_of_record
TN:
SF:src/modules/user/user.controller.ts
FN:7,(anonymous_9)
FN:19,(anonymous_10)
FN:31,(anonymous_11)
FN:43,(anonymous_12)
FN:59,(anonymous_13)
FN:75,(anonymous_14)
FN:91,(anonymous_15)
FN:104,(anonymous_16)
FN:117,(anonymous_17)
FNF:9
FNH:1
FNDA:0,(anonymous_9)
FNDA:1,(anonymous_10)
FNDA:0,(anonymous_11)
FNDA:0,(anonymous_12)
FNDA:0,(anonymous_13)
FNDA:0,(anonymous_14)
FNDA:0,(anonymous_15)
FNDA:0,(anonymous_16)
FNDA:0,(anonymous_17)
DA:3,1
DA:4,1
DA:5,1
DA:7,1
DA:8,0
DA:9,0
DA:10,0
DA:12,0
DA:13,0
DA:15,0
DA:19,1
DA:20,1
DA:21,1
DA:22,1
DA:24,0
DA:25,0
DA:27,0
DA:31,1
DA:32,0
DA:33,0
DA:34,0
DA:36,0
DA:37,0
DA:39,0
DA:43,1
DA:45,0
DA:47,0
DA:48,0
DA:49,0
DA:50,0
DA:52,0
DA:53,0
DA:55,0
DA:59,1
DA:60,0
DA:61,0
DA:62,0
DA:63,0
DA:65,0
DA:66,0
DA:68,0
DA:69,0
DA:71,0
DA:75,1
DA:76,0
DA:77,0
DA:78,0
DA:79,0
DA:81,0
DA:82,0
DA:84,0
DA:85,0
DA:87,0
DA:91,1
DA:92,0
DA:93,0
DA:94,0
DA:95,0
DA:97,0
DA:98,0
DA:100,0
DA:104,1
DA:105,0
DA:106,0
DA:107,0
DA:108,0
DA:110,0
DA:111,0
DA:113,0
DA:117,1
DA:118,0
DA:119,0
DA:120,0
DA:121,0
DA:123,0
DA:124,0
DA:126,0
LF:77
LH:15
BRDA:12,0,0,0
BRDA:13,1,0,0
BRDA:13,1,1,0
BRDA:24,2,0,0
BRDA:25,3,0,0
BRDA:25,3,1,0
BRDA:36,4,0,0
BRDA:37,5,0,0
BRDA:37,5,1,0
BRDA:52,6,0,0
BRDA:53,7,0,0
BRDA:53,7,1,0
BRDA:62,8,0,0
BRDA:68,9,0,0
BRDA:69,10,0,0
BRDA:69,10,1,0
BRDA:77,11,0,0
BRDA:77,11,1,0
BRDA:78,12,0,0
BRDA:78,12,1,0
BRDA:79,13,0,0
BRDA:79,13,1,0
BRDA:84,14,0,0
BRDA:85,15,0,0
BRDA:85,15,1,0
BRDA:97,16,0,0
BRDA:98,17,0,0
BRDA:98,17,1,0
BRDA:110,18,0,0
BRDA:111,19,0,0
BRDA:111,19,1,0
BRDA:123,20,0,0
BRDA:124,21,0,0
BRDA:124,21,1,0
BRF:34
BRH:0
end_of_record
TN:
SF:src/modules/user/user.repository.ts
FN:6,(anonymous_1)
FN:15,(anonymous_2)
FN:24,(anonymous_3)
FN:47,(anonymous_4)
FN:56,(anonymous_5)
FN:65,(anonymous_6)
FN:74,(anonymous_7)
FNF:7
FNH:3
FNDA:0,(anonymous_1)
FNDA:1,(anonymous_2)
FNDA:0,(anonymous_3)
FNDA:5,(anonymous_4)
FNDA:1,(anonymous_5)
FNDA:0,(anonymous_6)
FNDA:0,(anonymous_7)
DA:2,1
DA:4,1
DA:6,1
DA:7,0
DA:8,0
DA:10,0
DA:11,0
DA:15,1
DA:16,1
DA:17,1
DA:19,0
DA:20,0
DA:24,1
DA:33,0
DA:34,0
DA:36,0
DA:42,0
DA:43,0
DA:47,1
DA:48,5
DA:49,5
DA:51,0
DA:52,0
DA:56,1
DA:57,1
DA:58,1
DA:60,0
DA:61,0
DA:65,1
DA:66,0
DA:67,0
DA:69,0
DA:70,0
DA:74,1
DA:75,0
DA:76,0
DA:78,0
DA:79,0
LF:38
LH:15
BRF:0
BRH:0
end_of_record
TN:
SF:src/modules/user/user.routes.ts
FNF:0
FNH:0
DA:2,1
DA:3,1
DA:4,1
DA:5,1
DA:6,1
DA:8,1
DA:10,1
DA:11,1
DA:12,1
DA:13,1
DA:14,1
DA:15,1
DA:16,1
DA:17,1
DA:18,1
DA:20,1
LF:16
LH:16
BRF:0
BRH:0
end_of_record
TN:
SF:src/modules/user/user.service.ts
FN:9,(anonymous_10)
FN:15,(anonymous_11)
FN:30,(anonymous_12)
FN:53,(anonymous_13)
FN:77,(anonymous_14)
FN:90,(anonymous_15)
FN:109,(anonymous_16)
FN:120,(anonymous_17)
FN:142,(anonymous_18)
FNF:9
FNH:3
FNDA:6,(anonymous_10)
FNDA:0,(anonymous_11)
FNDA:1,(anonymous_12)
FNDA:0,(anonymous_13)
FNDA:0,(anonymous_14)
FNDA:0,(anonymous_15)
FNDA:5,(anonymous_16)
FNDA:0,(anonymous_17)
FNDA:0,(anonymous_18)
DA:2,1
DA:3,1
DA:5,1
DA:6,1
DA:7,1
DA:9,1
DA:10,6
DA:11,6
DA:12,6
DA:15,1
DA:16,0
DA:17,0
DA:18,0
DA:20,0
DA:21,0
DA:23,0
DA:25,0
DA:26,0
DA:30,1
DA:31,1
DA:32,1
DA:33,1
DA:35,1
DA:36,1
DA:38,1
DA:39,1
DA:41,1
DA:43,1
DA:48,0
DA:49,0
DA:53,1
DA:54,0
DA:55,0
DA:56,0
DA:58,0
DA:59,0
DA:60,0
DA:62,0
DA:63,0
DA:65,0
DA:67,0
DA:72,0
DA:73,0
DA:77,1
DA:78,0
DA:79,0
DA:80,0
DA:82,0
DA:83,0
DA:85,0
DA:86,0
DA:90,1
DA:95,0
DA:96,0
DA:97,0
DA:98,0
DA:101,0
DA:102,0
DA:104,0
DA:105,0
DA:109,1
DA:110,5
DA:111,5
DA:112,5
DA:113,5
DA:115,0
DA:116,0
DA:120,1
DA:121,0
DA:122,0
DA:123,0
DA:125,0
DA:126,0
DA:127,0
DA:130,0
DA:131,0
DA:134,0
DA:135,0
DA:137,0
DA:138,0
DA:142,1
DA:143,0
DA:144,0
DA:145,0
DA:147,0
DA:148,0
DA:150,0
DA:151,0
LF:88
LH:30
BRDA:10,0,0,0
BRDA:18,1,0,0
BRDA:33,2,0,0
BRDA:36,3,0,0
BRDA:56,4,0,0
BRDA:59,5,0,0
BRDA:60,6,0,0
BRDA:80,7,0,0
BRDA:96,8,0,0
BRDA:97,9,0,0
BRDA:97,10,0,0
BRDA:97,10,1,0
BRDA:112,11,0,0
BRDA:123,12,0,0
BRDA:125,13,0,0
BRDA:125,14,0,0
BRDA:125,14,1,0
BRDA:127,15,0,0
BRDA:130,16,0,0
BRDA:145,17,0,0
BRF:20
BRH:0
end_of_record
TN:
SF:src/modules/user/user.validator.ts
FNF:0
FNH:0
DA:2,1
DA:4,1
DA:12,1
DA:17,1
LF:4
LH:4
BRF:0
BRH:0
end_of_record
TN:
SF:src/routes/index.ts
FNF:0
FNH:0
DA:2,1
DA:3,1
DA:4,1
DA:6,1
DA:8,1
DA:9,1
DA:11,1
LF:7
LH:7
BRF:0
BRH:0
end_of_record
TN:
SF:src/utils/appError.ts
FN:6,(anonymous_0)
FNF:1
FNH:1
FNDA:13,(anonymous_0)
DA:2,4
DA:4,13
DA:7,13
DA:8,13
DA:9,13
DA:10,13
LF:6
LH:6
BRF:0
BRH:0
end_of_record
TN:
SF:src/utils/generateResponse.ts
FN:11,(anonymous_0)
FNF:1
FNH:1
FNDA:7,(anonymous_0)
DA:11,1
DA:17,7
DA:19,7
DA:26,7
LF:4
LH:4
BRDA:17,0,0,7
BRDA:17,0,1,7
BRDA:23,1,0,7
BRDA:23,1,1,2
BRF:4
BRH:4
end_of_record
TN:
SF:src/utils/prismaErrorHandler.ts
FN:5,(anonymous_0)
FNF:1
FNH:1
FNDA:9,(anonymous_0)
DA:2,4
DA:3,4
DA:5,4
DA:6,9
DA:7,0
DA:8,0
DA:9,0
DA:10,0
DA:12,0
DA:13,0
DA:15,0
DA:18,0
DA:19,0
DA:22,0
DA:23,0
DA:26,0
DA:27,0
DA:30,0
DA:31,0
DA:35,9
DA:36,0
DA:39,9
DA:40,0
DA:43,9
DA:44,0
DA:47,9
LF:26
LH:8
BRDA:6,0,0,0
BRDA:7,1,0,0
BRDA:9,2,0,0
BRDA:9,3,0,0
BRDA:9,3,1,0
BRDA:12,4,0,0
BRDA:18,5,0,0
BRDA:22,6,0,0
BRDA:26,7,0,0
BRDA:30,8,0,0
BRDA:35,9,0,0
BRDA:39,10,0,0
BRDA:43,11,0,0
BRF:13
BRH:0
end_of_record
